[2023-04-0517:38:12] [ ERROR] [GlobalExceptionHandler:17] Failed to convert value of type 'java.lang.String' to required type 'java.lang.Long'; For input string: "listaPac"
[2023-04-0801:15:48] [ ERROR] [GlobalExceptionHandler:17] detached entity passed to persist: com.example.clinicaOdontologica.entity.Domicilio
[2023-04-0801:18:11] [ ERROR] [GlobalExceptionHandler:17] Unable to find com.example.clinicaOdontologica.entity.Paciente with id 5 (through reference chain: com.example.clinicaOdontologica.entity.Turno["paciente"]->com.example.clinicaOdontologica.entity.Paciente$HibernateProxy$2Kd7SQuG["apellido"])
[2023-04-0801:18:52] [ ERROR] [GlobalExceptionHandler:17] Unable to find com.example.clinicaOdontologica.entity.Paciente with id 5 (through reference chain: com.example.clinicaOdontologica.entity.Turno["paciente"]->com.example.clinicaOdontologica.entity.Paciente$HibernateProxy$2Kd7SQuG["apellido"])
[2023-04-0801:19:08] [ ERROR] [GlobalExceptionHandler:17] Unable to find com.example.clinicaOdontologica.entity.Paciente with id 7 (through reference chain: com.example.clinicaOdontologica.entity.Turno["paciente"]->com.example.clinicaOdontologica.entity.Paciente$HibernateProxy$2Kd7SQuG["apellido"])
[2023-04-0801:20:12] [ ERROR] [GlobalExceptionHandler:17] Unable to find com.example.clinicaOdontologica.entity.Paciente with id 5 (through reference chain: com.example.clinicaOdontologica.entity.Turno["paciente"]->com.example.clinicaOdontologica.entity.Paciente$HibernateProxy$QA1ludmx["apellido"])
[2023-04-0801:20:14] [ ERROR] [GlobalExceptionHandler:17] Unable to find com.example.clinicaOdontologica.entity.Paciente with id 5 (through reference chain: com.example.clinicaOdontologica.entity.Turno["paciente"]->com.example.clinicaOdontologica.entity.Paciente$HibernateProxy$QA1ludmx["apellido"])
[2023-04-0801:21:27] [ ERROR] [GlobalExceptionHandler:17] Unable to find com.example.clinicaOdontologica.entity.Paciente with id 5 (through reference chain: com.example.clinicaOdontologica.entity.Turno["paciente"]->com.example.clinicaOdontologica.entity.Paciente$HibernateProxy$2UFiAWJa["apellido"])
[2023-04-0801:22:41] [ ERROR] [GlobalExceptionHandler:17] Unable to find com.example.clinicaOdontologica.entity.Paciente with id 5 (through reference chain: com.example.clinicaOdontologica.entity.Turno["paciente"]->com.example.clinicaOdontologica.entity.Paciente$HibernateProxy$W8az7Gwn["apellido"])
[2023-04-0801:22:43] [ ERROR] [GlobalExceptionHandler:17] Unable to find com.example.clinicaOdontologica.entity.Paciente with id 5 (through reference chain: com.example.clinicaOdontologica.entity.Turno["paciente"]->com.example.clinicaOdontologica.entity.Paciente$HibernateProxy$W8az7Gwn["apellido"])
[2023-04-0801:22:44] [ ERROR] [GlobalExceptionHandler:17] Unable to find com.example.clinicaOdontologica.entity.Paciente with id 5 (through reference chain: com.example.clinicaOdontologica.entity.Turno["paciente"]->com.example.clinicaOdontologica.entity.Paciente$HibernateProxy$W8az7Gwn["apellido"])
[2023-04-0801:22:44] [ ERROR] [GlobalExceptionHandler:17] Unable to find com.example.clinicaOdontologica.entity.Paciente with id 5 (through reference chain: com.example.clinicaOdontologica.entity.Turno["paciente"]->com.example.clinicaOdontologica.entity.Paciente$HibernateProxy$W8az7Gwn["apellido"])
[2023-04-0801:22:45] [ ERROR] [GlobalExceptionHandler:17] Unable to find com.example.clinicaOdontologica.entity.Paciente with id 5 (through reference chain: com.example.clinicaOdontologica.entity.Turno["paciente"]->com.example.clinicaOdontologica.entity.Paciente$HibernateProxy$W8az7Gwn["apellido"])
[2023-04-0801:22:45] [ ERROR] [GlobalExceptionHandler:17] Unable to find com.example.clinicaOdontologica.entity.Paciente with id 5 (through reference chain: com.example.clinicaOdontologica.entity.Turno["paciente"]->com.example.clinicaOdontologica.entity.Paciente$HibernateProxy$W8az7Gwn["apellido"])
[2023-04-0801:22:46] [ ERROR] [GlobalExceptionHandler:17] Unable to find com.example.clinicaOdontologica.entity.Paciente with id 5 (through reference chain: com.example.clinicaOdontologica.entity.Turno["paciente"]->com.example.clinicaOdontologica.entity.Paciente$HibernateProxy$W8az7Gwn["apellido"])
[2023-04-0801:23:37] [ ERROR] [GlobalExceptionHandler:17] detached entity passed to persist: com.example.clinicaOdontologica.entity.Domicilio
[2023-04-0802:24:51] [ ERROR] [GlobalExceptionHandler:17] More than one row with the given identifier was found: 1, for class: com.example.clinicaOdontologica.entity.Paciente
[2023-04-0802:30:26] [ ERROR] [GlobalExceptionHandler:17] More than one row with the given identifier was found: 1, for class: com.example.clinicaOdontologica.entity.Paciente
[2023-04-0802:31:03] [ ERROR] [GlobalExceptionHandler:17] More than one row with the given identifier was found: 1, for class: com.example.clinicaOdontologica.entity.Paciente
[2023-04-0802:31:45] [ ERROR] [GlobalExceptionHandler:17] More than one row with the given identifier was found: 1, for class: com.example.clinicaOdontologica.entity.Paciente
[2023-04-0802:32:00] [ ERROR] [GlobalExceptionHandler:17] More than one row with the given identifier was found: 1, for class: com.example.clinicaOdontologica.entity.Paciente
[2023-04-0802:32:01] [ ERROR] [GlobalExceptionHandler:17] More than one row with the given identifier was found: 1, for class: com.example.clinicaOdontologica.entity.Paciente
[2023-04-0802:33:41] [ ERROR] [GlobalExceptionHandler:17] More than one row with the given identifier was found: 1, for class: com.example.clinicaOdontologica.entity.Paciente
[2023-04-0802:33:50] [ ERROR] [GlobalExceptionHandler:17] More than one row with the given identifier was found: 1, for class: com.example.clinicaOdontologica.entity.Paciente
[2023-04-0802:33:51] [ ERROR] [GlobalExceptionHandler:17] More than one row with the given identifier was found: 1, for class: com.example.clinicaOdontologica.entity.Paciente
[2023-04-0802:34:00] [ ERROR] [GlobalExceptionHandler:17] could not execute statement; SQL [n/a]; constraint ["FKTFF8IEH5WFECPJF45I11XUG8C: PUBLIC.PACIENTES FOREIGN KEY(DOMICILIO_ID) REFERENCES PUBLIC.DOMICILIOS(ID) (CAST(1 AS BIGINT))"; SQL statement:
delete from domicilios where id=? [23503-214]]
[2023-04-0802:34:28] [ ERROR] [GlobalExceptionHandler:17] Unable to find com.example.clinicaOdontologica.entity.Paciente with id 5 (through reference chain: com.example.clinicaOdontologica.entity.Turno["paciente"]->com.example.clinicaOdontologica.entity.Paciente$HibernateProxy$XdPTDgpW["apellido"])
